0 info it worked if it ends with ok
1 verbose cli [ 'node',
1 verbose cli   '/usr/local/bin/npm',
1 verbose cli   'test',
1 verbose cli   'test/property_types/property_test.js' ]
2 info using npm@1.4.14
3 info using node@v0.10.29
4 error Error: ENOENT, open '/Users/steph/Sites/general-assembly/homework/apartment_lab/node_modules/test/property_types/property_test.js/package.json'
5 error If you need help, you may report this *entire* log,
5 error including the npm and node versions, at:
5 error     <http://github.com/npm/npm/issues>
6 error System Darwin 13.3.0
7 error command "node" "/usr/local/bin/npm" "test" "test/property_types/property_test.js"
8 error cwd /Users/steph/Sites/general-assembly/homework/apartment_lab
9 error node -v v0.10.29
10 error npm -v 1.4.14
11 error path /Users/steph/Sites/general-assembly/homework/apartment_lab/node_modules/test/property_types/property_test.js/package.json
12 error code ENOENT
13 error errno 34
14 verbose exit [ 34, true ]
